<?xml version="1.0" encoding="UTF-8"?>
<testsuite name="de.unistgt.ipvs.vs.ex2.TestRMICalc" tests="1" skipped="0" failures="0" errors="0" timestamp="2020-12-01T15:44:25" hostname="LAPTOP-EH9J37VJ" time="3.017">
  <properties/>
  <testcase name="test2" classname="de.unistgt.ipvs.vs.ex2.TestRMICalc" time="3.017"/>
  <system-out><![CDATA[
- Server: Server is running...
- Client: Find server ---> //localhost/sessionFactoryTest2
- Server: New session created.

- Client: Start calculation by using RMI 
- Client: CalcMode is ---> ADD
- Client: Operands are ---> [1, 2, 3]

- Client: Start calculation by using RMI 
- Client: CalcMode is ---> SUB
- Client: Operands are ---> [3, 2, 1]
- Client: The result is ---> 0

- Server: Disconnected
]]></system-out>
  <system-err><![CDATA[]]></system-err>
</testsuite>
